#
# There is insufficient memory for the Java Runtime Environment to continue.
# Native memory allocation (mmap) failed to map 455081984 bytes for Failed to commit area from 0x000000008f300000 to 0x00000000aa500000 of length 455081984.
# Possible reasons:
#   The system is out of physical RAM or swap space
#   The process is running with CompressedOops enabled, and the Java Heap may be blocking the growth of the native heap
# Possible solutions:
#   Reduce memory load on the system
#   Increase physical memory or swap space
#   Check if swap backing store is full
#   Decrease Java heap size (-Xmx/-Xms)
#   Decrease number of Java threads
#   Decrease Java thread stack sizes (-Xss)
#   Set larger code cache with -XX:ReservedCodeCacheSize=
#   JVM is running with Unscaled Compressed Oops mode in which the Java heap is
#     placed in the first 4GB address space. The Java Heap base address is the
#     maximum limit for the native heap growth. Please use -XX:HeapBaseMinAddress
#     to set the Java Heap base and to place the Java Heap above 4GB virtual address.
# This output file may be truncated or incomplete.
#
#  Out of Memory Error (t:/workspace/open/src/hotspot/os/windows/os_windows.cpp:3315), pid=2980, tid=2172
#
# JRE version: Java(TM) SE Runtime Environment (14.0+36) (build 14+36-1461)
# Java VM: Java HotSpot(TM) 64-Bit Server VM (14+36-1461, mixed mode, sharing, tiered, compressed oops, g1 gc, windows-amd64)
# No core dump will be written. Minidumps are not enabled by default on client versions of Windows
#

---------------  S U M M A R Y ------------

Command Line: -Dfile.encoding=Cp1252 -Djava.net.preferIPv4Stack=true npuzzle.Search

Host: Intel(R) Core(TM) i5-7300HQ CPU @ 2.50GHz, 4 cores, 7G,  Windows 10 , 64 bit Build 18362 (10.0.18362.329)
Time: Tue Apr  7 14:01:04 2020 SE Asia Standard Time elapsed time: 4 seconds (0d 0h 0m 4s)

---------------  T H R E A D  ---------------

Current thread (0x000001e16049d800):  VMThread "VM Thread" [stack: 0x0000009a32a00000,0x0000009a32b00000] [id=2172]

Stack: [0x0000009a32a00000,0x0000009a32b00000]
[error occurred during error reporting (printing stack bounds), id 0xc0000005, EXCEPTION_ACCESS_VIOLATION (0xc0000005) at pc=0x000001e14a4910ad]

Native frames: (J=compiled Java code, j=interpreted, Vv=VM code, C=native code)
V  [jvm.dll+0x5f83ea]
V  [jvm.dll+0x741e2a]
V  [jvm.dll+0x7435df]
V  [jvm.dll+0x743b85]
V  [jvm.dll+0x743b3b]
V  [jvm.dll+0x5f791f]
V  [jvm.dll+0x5f8088]
C  [ntdll.dll+0xa121f]
C  [ntdll.dll+0x6a289]
C  [ntdll.dll+0x9fe8e]
C  0x000001e14a4910ad

VM_Operation (0x0000009a324fec90): G1CollectForAllocation, mode: safepoint, requested by thread 0x000001e141cec000


---------------  P R O C E S S  ---------------

Threads class SMR info:
_java_thread_list=0x000001e1612ef830, length=11, elements={
0x000001e141cec000, 0x000001e16049f800, 0x000001e1604a0800, 0x000001e1604bd800,
0x000001e1604c1000, 0x000001e1604c3000, 0x000001e1604c4000, 0x000001e1604fd000,
0x000001e161246000, 0x000001e1612fe800, 0x000001e161309800
}

Java Threads: ( => current thread )
  0x000001e141cec000 JavaThread "main" [_thread_blocked, id=3224, stack(0x0000009a32400000,0x0000009a32500000)]
  0x000001e16049f800 JavaThread "Reference Handler" daemon [_thread_blocked, id=7960, stack(0x0000009a32b00000,0x0000009a32c00000)]
  0x000001e1604a0800 JavaThread "Finalizer" daemon [_thread_blocked, id=10848, stack(0x0000009a32c00000,0x0000009a32d00000)]
  0x000001e1604bd800 JavaThread "Signal Dispatcher" daemon [_thread_blocked, id=12092, stack(0x0000009a32d00000,0x0000009a32e00000)]
  0x000001e1604c1000 JavaThread "Attach Listener" daemon [_thread_blocked, id=3736, stack(0x0000009a32e00000,0x0000009a32f00000)]
  0x000001e1604c3000 JavaThread "Service Thread" daemon [_thread_blocked, id=9424, stack(0x0000009a32f00000,0x0000009a33000000)]
  0x000001e1604c4000 JavaThread "C2 CompilerThread0" daemon [_thread_blocked, id=5840, stack(0x0000009a33000000,0x0000009a33100000)]
  0x000001e1604fd000 JavaThread "C1 CompilerThread0" daemon [_thread_blocked, id=11020, stack(0x0000009a33100000,0x0000009a33200000)]
  0x000001e161246000 JavaThread "Sweeper thread" daemon [_thread_blocked, id=9176, stack(0x0000009a33200000,0x0000009a33300000)]
  0x000001e1612fe800 JavaThread "Notification Thread" daemon [_thread_blocked, id=5644, stack(0x0000009a33300000,0x0000009a33400000)]
  0x000001e161309800 JavaThread "Common-Cleaner" daemon [_thread_blocked, id=1640, stack(0x0000009a33500000,0x0000009a33600000)]

Other Threads:
=>0x000001e16049d800 VMThread "VM Thread" [stack: 0x0000009a32a00000,0x0000009a32b00000] [id=2172]
  0x000001e161306800 WatcherThread [stack: 0x0000009a33400000,0x0000009a33500000] [id=2576]
  0x000001e141d2d000 GCTaskThread "GC Thread#0" [stack: 0x0000009a32500000,0x0000009a32600000] [id=5296]
  0x000001e1615fe800 GCTaskThread "GC Thread#1" [stack: 0x0000009a33600000,0x0000009a33700000] [id=8420]
  0x000001e1614af800 GCTaskThread "GC Thread#2" [stack: 0x0000009a33700000,0x0000009a33800000] [id=3932]
  0x000001e161303000 GCTaskThread "GC Thread#3" [stack: 0x0000009a33900000,0x0000009a33a00000] [id=11408]
  0x000001e141d40800 ConcurrentGCThread "G1 Main Marker" [stack: 0x0000009a32600000,0x0000009a32700000] [id=3712]
  0x000001e141d42000 ConcurrentGCThread "G1 Conc#0" [stack: 0x0000009a32700000,0x0000009a32800000] [id=8028]
  0x000001e160310800 ConcurrentGCThread "G1 Refine#0" [stack: 0x0000009a32800000,0x0000009a32900000] [id=1460]
  0x000001e16148d000 ConcurrentGCThread "G1 Refine#1" [stack: 0x0000009a33800000,0x0000009a33900000] [id=2304]
  0x000001e1614df000 ConcurrentGCThread "G1 Refine#2" [stack: 0x0000009a33a00000,0x0000009a33b00000] [id=11672]
  0x000001e1614e0000 ConcurrentGCThread "G1 Refine#3" [stack: 0x0000009a33b00000,0x0000009a33c00000] [id=8960]
  0x000001e160315800 ConcurrentGCThread "G1 Young RemSet Sampling" [stack: 0x0000009a32900000,0x0000009a32a00000] [id=1232]

Threads with active compile tasks:
C2 CompilerThread0     4097  179       4       java.util.HashMap::resize (356 bytes)

VM state:at safepoint (normal execution)

VM Mutex/Monitor currently owned by a thread:  ([mutex/lock_event])
[0x000001e141ce9420] Threads_lock - owner thread: 0x000001e16049d800
[0x000001e141ce8070] Heap_lock - owner thread: 0x000001e141cec000

Heap address: 0x0000000081a00000, size: 2022 MB, Compressed Oops mode: 32-bit
Narrow klass base: 0x0000000800000000, Narrow klass shift: 3
Compressed class space size: 1073741824 Address: 0x0000000800b30000

Heap:
 garbage-first heap   total 666624K, used 34870K [0x0000000081a00000, 0x0000000100000000)
  region size 1024K, 12 young (12288K), 12 survivors (12288K)
 Metaspace       used 271K, capacity 740K, committed 1024K, reserved 1060864K
  class space    used 10K, capacity 388K, committed 512K, reserved 1048576K
Heap Regions: E=young(eden), S=young(survivor), O=old, HS=humongous(starts), HC=humongous(continues), CS=collection set, F=free, OA=open archive, CA=closed archive, TAMS=top-at-mark-start (previous, next)
|   0|0x0000000081a00000, 0x0000000081b00000, 0x0000000081b00000|100%| O|  |TAMS 0x0000000081a00000, 0x0000000081a00000| Untracked 
|   1|0x0000000081b00000, 0x0000000081c00000, 0x0000000081c00000|100%| O|  |TAMS 0x0000000081b00000, 0x0000000081b00000| Untracked 
|   2|0x0000000081c00000, 0x0000000081d00000, 0x0000000081d00000|100%| O|  |TAMS 0x0000000081c00000, 0x0000000081c00000| Untracked 
|   3|0x0000000081d00000, 0x0000000081e00000, 0x0000000081e00000|100%| O|  |TAMS 0x0000000081d00000, 0x0000000081d00000| Untracked 
|   4|0x0000000081e00000, 0x0000000081f00000, 0x0000000081f00000|100%| O|  |TAMS 0x0000000081e00000, 0x0000000081e00000| Untracked 
|   5|0x0000000081f00000, 0x0000000082000000, 0x0000000082000000|100%| O|  |TAMS 0x0000000081f00000, 0x0000000081f00000| Untracked 
|   6|0x0000000082000000, 0x0000000082100000, 0x0000000082100000|100%| O|  |TAMS 0x0000000082000000, 0x0000000082000000| Untracked 
|   7|0x0000000082100000, 0x0000000082200000, 0x0000000082200000|100%| O|  |TAMS 0x0000000082100000, 0x0000000082100000| Untracked 
|   8|0x0000000082200000, 0x0000000082300000, 0x0000000082300000|100%| O|  |TAMS 0x0000000082200000, 0x0000000082200000| Untracked 
|   9|0x0000000082300000, 0x0000000082400000, 0x0000000082400000|100%| O|  |TAMS 0x0000000082300000, 0x0000000082300000| Untracked 
|  10|0x0000000082400000, 0x0000000082500000, 0x0000000082500000|100%| O|  |TAMS 0x0000000082400000, 0x0000000082400000| Untracked 
|  11|0x0000000082500000, 0x0000000082600000, 0x0000000082600000|100%| O|  |TAMS 0x0000000082500000, 0x0000000082500000| Untracked 
|  12|0x0000000082600000, 0x0000000082700000, 0x0000000082700000|100%| O|  |TAMS 0x0000000082600000, 0x0000000082600000| Untracked 
|  13|0x0000000082700000, 0x0000000082800000, 0x0000000082800000|100%| O|  |TAMS 0x0000000082700000, 0x0000000082700000| Untracked 
|  14|0x0000000082800000, 0x0000000082900000, 0x0000000082900000|100%| O|  |TAMS 0x0000000082800000, 0x0000000082800000| Untracked 
|  15|0x0000000082900000, 0x0000000082a00000, 0x0000000082a00000|100%| O|  |TAMS 0x0000000082900000, 0x0000000082900000| Untracked 
|  16|0x0000000082a00000, 0x0000000082b00000, 0x0000000082b00000|100%|HS|  |TAMS 0x0000000082a00000, 0x0000000082a00000| Complete 
|  17|0x0000000082b00000, 0x0000000082c00000, 0x0000000082c00000|100%| O|  |TAMS 0x0000000082b00000, 0x0000000082b00000| Untracked 
|  18|0x0000000082c00000, 0x0000000082d00000, 0x0000000082d00000|100%| O|  |TAMS 0x0000000082c00000, 0x0000000082c00000| Untracked 
|  19|0x0000000082d00000, 0x0000000082e00000, 0x0000000082e00000|100%| O|  |TAMS 0x0000000082d00000, 0x0000000082d00000| Untracked 
|  20|0x0000000082e00000, 0x0000000082f00000, 0x0000000082f00000|100%| O|  |TAMS 0x0000000082e00000, 0x0000000082e00000| Untracked 
|  21|0x0000000082f00000, 0x0000000083000000, 0x0000000083000000|100%| O|  |TAMS 0x0000000082f00000, 0x0000000082f00000| Untracked 
|  22|0x0000000083000000, 0x0000000083091400, 0x0000000083100000| 56%| O|  |TAMS 0x0000000083000000, 0x0000000083000000| Untracked 
|  23|0x0000000083100000, 0x0000000083100000, 0x0000000083200000|  0%| F|  |TAMS 0x0000000083100000, 0x0000000083100000| Untracked 
|  24|0x0000000083200000, 0x0000000083200000, 0x0000000083300000|  0%| F|  |TAMS 0x0000000083200000, 0x0000000083200000| Untracked 
|  25|0x0000000083300000, 0x0000000083300000, 0x0000000083400000|  0%| F|  |TAMS 0x0000000083300000, 0x0000000083300000| Untracked 
|  26|0x0000000083400000, 0x0000000083400000, 0x0000000083500000|  0%| F|  |TAMS 0x0000000083400000, 0x0000000083400000| Untracked 
|  27|0x0000000083500000, 0x0000000083500000, 0x0000000083600000|  0%| F|  |TAMS 0x0000000083500000, 0x0000000083500000| Untracked 
|  28|0x0000000083600000, 0x0000000083600000, 0x0000000083700000|  0%| F|  |TAMS 0x0000000083600000, 0x0000000083600000| Untracked 
|  29|0x0000000083700000, 0x0000000083700000, 0x0000000083800000|  0%| F|  |TAMS 0x0000000083700000, 0x0000000083700000| Untracked 
|  30|0x0000000083800000, 0x0000000083800000, 0x0000000083900000|  0%| F|  |TAMS 0x0000000083800000, 0x0000000083800000| Untracked 
|  31|0x0000000083900000, 0x0000000083900000, 0x0000000083a00000|  0%| F|  |TAMS 0x0000000083900000, 0x0000000083900000| Untracked 
|  32|0x0000000083a00000, 0x0000000083a00000, 0x0000000083b00000|  0%| F|  |TAMS 0x0000000083a00000, 0x0000000083a00000| Untracked 
|  33|0x0000000083b00000, 0x0000000083b00000, 0x0000000083c00000|  0%| F|  |TAMS 0x0000000083b00000, 0x0000000083b00000| Untracked 
|  34|0x0000000083c00000, 0x0000000083c00000, 0x0000000083d00000|  0%| F|  |TAMS 0x0000000083c00000, 0x0000000083c00000| Untracked 
|  35|0x0000000083d00000, 0x0000000083d00000, 0x0000000083e00000|  0%| F|  |TAMS 0x0000000083d00000, 0x0000000083d00000| Untracked 
|  36|0x0000000083e00000, 0x0000000083e00000, 0x0000000083f00000|  0%| F|  |TAMS 0x0000000083e00000, 0x0000000083e00000| Untracked 
|  37|0x0000000083f00000, 0x0000000083f00000, 0x0000000084000000|  0%| F|  |TAMS 0x0000000083f00000, 0x0000000083f00000| Untracked 
|  38|0x0000000084000000, 0x0000000084000000, 0x0000000084100000|  0%| F|  |TAMS 0x0000000084000000, 0x0000000084000000| Untracked 
|  39|0x0000000084100000, 0x0000000084100000, 0x0000000084200000|  0%| F|  |TAMS 0x0000000084100000, 0x0000000084100000| Untracked 
|  40|0x0000000084200000, 0x0000000084200000, 0x0000000084300000|  0%| F|  |TAMS 0x0000000084200000, 0x0000000084200000| Untracked 
|  41|0x0000000084300000, 0x0000000084300000, 0x0000000084400000|  0%| F|  |TAMS 0x0000000084300000, 0x0000000084300000| Untracked 
|  42|0x0000000084400000, 0x0000000084400000, 0x0000000084500000|  0%| F|  |TAMS 0x0000000084400000, 0x0000000084400000| Untracked 
|  43|0x0000000084500000, 0x0000000084500000, 0x0000000084600000|  0%| F|  |TAMS 0x0000000084500000, 0x0000000084500000| Untracked 
|  44|0x0000000084600000, 0x0000000084600000, 0x0000000084700000|  0%| F|  |TAMS 0x0000000084600000, 0x0000000084600000| Untracked 
|  45|0x0000000084700000, 0x0000000084700000, 0x0000000084800000|  0%| F|  |TAMS 0x0000000084700000, 0x0000000084700000| Untracked 
|  46|0x0000000084800000, 0x0000000084800000, 0x0000000084900000|  0%| F|  |TAMS 0x0000000084800000, 0x0000000084800000| Untracked 
|  47|0x0000000084900000, 0x0000000084900000, 0x0000000084a00000|  0%| F|  |TAMS 0x0000000084900000, 0x0000000084900000| Untracked 
|  48|0x0000000084a00000, 0x0000000084a00000, 0x0000000084b00000|  0%| F|  |TAMS 0x0000000084a00000, 0x0000000084a00000| Untracked 
|  49|0x0000000084b00000, 0x0000000084b00000, 0x0000000084c00000|  0%| F|  |TAMS 0x0000000084b00000, 0x0000000084b00000| Untracked 
|  50|0x0000000084c00000, 0x0000000084c00000, 0x0000000084d00000|  0%| F|  |TAMS 0x0000000084c00000, 0x0000000084c00000| Untracked 
|  51|0x0000000084d00000, 0x0000000084d00000, 0x0000000084e00000|  0%| F|  |TAMS 0x0000000084d00000, 0x0000000084d00000| Untracked 
|  52|0x0000000084e00000, 0x0000000084e00000, 0x0000000084f00000|  0%| F|  |TAMS 0x0000000084e00000, 0x0000000084e00000| Untracked 
|  53|0x0000000084f00000, 0x0000000084f00000, 0x0000000085000000|  0%| F|  |TAMS 0x0000000084f00000, 0x0000000084f00000| Untracked 
|  54|0x0000000085000000, 0x0000000085000000, 0x0000000085100000|  0%| F|  |TAMS 0x0000000085000000, 0x0000000085000000| Untracked 
|  55|0x0000000085100000, 0x0000000085100000, 0x0000000085200000|  0%| F|  |TAMS 0x0000000085100000, 0x0000000085100000| Untracked 
|  56|0x0000000085200000, 0x0000000085200000, 0x0000000085300000|  0%| F|  |TAMS 0x0000000085200000, 0x0000000085200000| Untracked 
|  57|0x0000000085300000, 0x0000000085300000, 0x0000000085400000|  0%| F|  |TAMS 0x0000000085300000, 0x0000000085300000| Untracked 
|  58|0x0000000085400000, 0x0000000085400000, 0x0000000085500000|  0%| F|  |TAMS 0x0000000085400000, 0x0000000085400000| Untracked 
|  59|0x0000000085500000, 0x0000000085500000, 0x0000000085600000|  0%| F|  |TAMS 0x0000000085500000, 0x0000000085500000| Untracked 
|  60|0x0000000085600000, 0x0000000085600000, 0x0000000085700000|  0%| F|  |TAMS 0x0000000085600000, 0x0000000085600000| Untracked 
|  61|0x0000000085700000, 0x0000000085700000, 0x0000000085800000|  0%| F|  |TAMS 0x0000000085700000, 0x0000000085700000| Untracked 
|  62|0x0000000085800000, 0x0000000085800000, 0x0000000085900000|  0%| F|  |TAMS 0x0000000085800000, 0x0000000085800000| Untracked 
|  63|0x0000000085900000, 0x0000000085900000, 0x0000000085a00000|  0%| F|  |TAMS 0x0000000085900000, 0x0000000085900000| Untracked 
|  64|0x0000000085a00000, 0x0000000085a00000, 0x0000000085b00000|  0%| F|  |TAMS 0x0000000085a00000, 0x0000000085a00000| Untracked 
|  65|0x0000000085b00000, 0x0000000085b00000, 0x0000000085c00000|  0%| F|  |TAMS 0x0000000085b00000, 0x0000000085b00000| Untracked 
|  66|0x0000000085c00000, 0x0000000085c00000, 0x0000000085d00000|  0%| F|  |TAMS 0x0000000085c00000, 0x0000000085c00000| Untracked 
|  67|0x0000000085d00000, 0x0000000085d00000, 0x0000000085e00000|  0%| F|  |TAMS 0x0000000085d00000, 0x0000000085d00000| Untracked 
|  68|0x0000000085e00000, 0x0000000085e00000, 0x0000000085f00000|  0%| F|  |TAMS 0x0000000085e00000, 0x0000000085e00000| Untracked 
|  69|0x0000000085f00000, 0x0000000085f00000, 0x0000000086000000|  0%| F|  |TAMS 0x0000000085f00000, 0x0000000085f00000| Untracked 
|  70|0x0000000086000000, 0x0000000086000000, 0x0000000086100000|  0%| F|  |TAMS 0x0000000086000000, 0x0000000086000000| Untracked 
|  71|0x0000000086100000, 0x0000000086100000, 0x0000000086200000|  0%| F|  |TAMS 0x0000000086100000, 0x0000000086100000| Untracked 
|  72|0x0000000086200000, 0x0000000086200000, 0x0000000086300000|  0%| F|  |TAMS 0x0000000086200000, 0x0000000086200000| Untracked 
|  73|0x0000000086300000, 0x0000000086300000, 0x0000000086400000|  0%| F|  |TAMS 0x0000000086300000, 0x0000000086300000| Untracked 
|  74|0x0000000086400000, 0x0000000086400000, 0x0000000086500000|  0%| F|  |TAMS 0x0000000086400000, 0x0000000086400000| Untracked 
|  75|0x0000000086500000, 0x0000000086500000, 0x0000000086600000|  0%| F|  |TAMS 0x0000000086500000, 0x0000000086500000| Untracked 
|  76|0x0000000086600000, 0x0000000086600000, 0x0000000086700000|  0%| F|  |TAMS 0x0000000086600000, 0x0000000086600000| Untracked 
|  77|0x0000000086700000, 0x0000000086700000, 0x0000000086800000|  0%| F|  |TAMS 0x0000000086700000, 0x0000000086700000| Untracked 
|  78|0x0000000086800000, 0x0000000086800000, 0x0000000086900000|  0%| F|  |TAMS 0x0000000086800000, 0x0000000086800000| Untracked 
|  79|0x0000000086900000, 0x0000000086900000, 0x0000000086a00000|  0%| F|  |TAMS 0x0000000086900000, 0x0000000086900000| Untracked 
|  80|0x0000000086a00000, 0x0000000086a7c660, 0x0000000086b00000| 48%| S|CS|TAMS 0x0000000086a00000, 0x0000000086a00000| Complete 
|  81|0x0000000086b00000, 0x0000000086c00000, 0x0000000086c00000|100%| S|CS|TAMS 0x0000000086b00000, 0x0000000086b00000| Complete 
|  82|0x0000000086c00000, 0x0000000086d00000, 0x0000000086d00000|100%| S|CS|TAMS 0x0000000086c00000, 0x0000000086c00000| Complete 
|  83|0x0000000086d00000, 0x0000000086e00000, 0x0000000086e00000|100%| S|CS|TAMS 0x0000000086d00000, 0x0000000086d00000| Complete 
|  84|0x0000000086e00000, 0x0000000086f00000, 0x0000000086f00000|100%| S|CS|TAMS 0x0000000086e00000, 0x0000000086e00000| Complete 
|  85|0x0000000086f00000, 0x0000000087000000, 0x0000000087000000|100%| S|CS|TAMS 0x0000000086f00000, 0x0000000086f00000| Complete 
|  86|0x0000000087000000, 0x0000000087100000, 0x0000000087100000|100%| S|CS|TAMS 0x0000000087000000, 0x0000000087000000| Complete 
|  87|0x0000000087100000, 0x0000000087100000, 0x0000000087200000|  0%| F|  |TAMS 0x0000000087100000, 0x0000000087100000| Untracked 
|  88|0x0000000087200000, 0x0000000087200000, 0x0000000087300000|  0%| F|  |TAMS 0x0000000087200000, 0x0000000087200000| Untracked 
|  89|0x0000000087300000, 0x0000000087300000, 0x0000000087400000|  0%| F|  |TAMS 0x0000000087300000, 0x0000000087300000| Untracked 
|  90|0x0000000087400000, 0x0000000087400000, 0x0000000087500000|  0%| F|  |TAMS 0x0000000087400000, 0x0000000087400000| Untracked 
|  91|0x0000000087500000, 0x0000000087500000, 0x0000000087600000|  0%| F|  |TAMS 0x0000000087500000, 0x0000000087500000| Untracked 
|  92|0x0000000087600000, 0x0000000087600000, 0x0000000087700000|  0%| F|  |TAMS 0x0000000087600000, 0x0000000087600000| Untracked 
|  93|0x0000000087700000, 0x0000000087700000, 0x0000000087800000|  0%| F|  |TAMS 0x0000000087700000, 0x0000000087700000| Untracked 
|  94|0x0000000087800000, 0x0000000087900000, 0x0000000087900000|100%| S|CS|TAMS 0x0000000087800000, 0x0000000087800000| Complete 
|  95|0x0000000087900000, 0x0000000087a00000, 0x0000000087a00000|100%| S|CS|TAMS 0x0000000087900000, 0x0000000087900000| Complete 
|  96|0x0000000087a00000, 0x0000000087b00000, 0x0000000087b00000|100%| S|CS|TAMS 0x0000000087a00000, 0x0000000087a00000| Complete 
|  97|0x0000000087b00000, 0x0000000087c00000, 0x0000000087c00000|100%| S|CS|TAMS 0x0000000087b00000, 0x0000000087b00000| Complete 
|  98|0x0000000087c00000, 0x0000000087d00000, 0x0000000087d00000|100%| S|CS|TAMS 0x0000000087c00000, 0x0000000087c00000| Complete 
|  99|0x0000000087d00000, 0x0000000087d00000, 0x0000000087e00000|  0%| F|  |TAMS 0x0000000087d00000, 0x0000000087d00000| Untracked 
| 100|0x0000000087e00000, 0x0000000087e00000, 0x0000000087f00000|  0%| F|  |TAMS 0x0000000087e00000, 0x0000000087e00000| Untracked 
| 101|0x0000000087f00000, 0x0000000087f00000, 0x0000000088000000|  0%| F|  |TAMS 0x0000000087f00000, 0x0000000087f00000| Untracked 
| 102|0x0000000088000000, 0x0000000088000000, 0x0000000088100000|  0%| F|  |TAMS 0x0000000088000000, 0x0000000088000000| Untracked 
| 103|0x0000000088100000, 0x0000000088100000, 0x0000000088200000|  0%| F|  |TAMS 0x0000000088100000, 0x0000000088100000| Untracked 
| 104|0x0000000088200000, 0x0000000088200000, 0x0000000088300000|  0%| F|  |TAMS 0x0000000088200000, 0x0000000088200000| Untracked 
| 105|0x0000000088300000, 0x0000000088300000, 0x0000000088400000|  0%| F|  |TAMS 0x0000000088300000, 0x0000000088300000| Untracked 
| 106|0x0000000088400000, 0x0000000088400000, 0x0000000088500000|  0%| F|  |TAMS 0x0000000088400000, 0x0000000088400000| Untracked 
| 107|0x0000000088500000, 0x0000000088500000, 0x0000000088600000|  0%| F|  |TAMS 0x0000000088500000, 0x0000000088500000| Untracked 
| 108|0x0000000088600000, 0x0000000088600000, 0x0000000088700000|  0%| F|  |TAMS 0x0000000088600000, 0x0000000088600000| Untracked 
| 109|0x0000000088700000, 0x0000000088700000, 0x0000000088800000|  0%| F|  |TAMS 0x0000000088700000, 0x0000000088700000| Untracked 
| 110|0x0000000088800000, 0x0000000088800000, 0x0000000088900000|  0%| F|  |TAMS 0x0000000088800000, 0x0000000088800000| Untracked 
| 111|0x0000000088900000, 0x0000000088900000, 0x0000000088a00000|  0%| F|  |TAMS 0x0000000088900000, 0x0000000088900000| Untracked 
| 112|0x0000000088a00000, 0x0000000088a00000, 0x0000000088b00000|  0%| F|  |TAMS 0x0000000088a00000, 0x0000000088a00000| Untracked 
| 113|0x0000000088b00000, 0x0000000088b00000, 0x0000000088c00000|  0%| F|  |TAMS 0x0000000088b00000, 0x0000000088b00000| Untracked 
| 114|0x0000000088c00000, 0x0000000088c00000, 0x0000000088d00000|  0%| F|  |TAMS 0x0000000088c00000, 0x0000000088c00000| Untracked 
| 115|0x0000000088d00000, 0x0000000088d00000, 0x0000000088e00000|  0%| F|  |TAMS 0x0000000088d00000, 0x0000000088d00000| Untracked 
| 116|0x0000000088e00000, 0x0000000088e00000, 0x0000000088f00000|  0%| F|  |TAMS 0x0000000088e00000, 0x0000000088e00000| Untracked 
| 117|0x0000000088f00000, 0x0000000088f00000, 0x0000000089000000|  0%| F|  |TAMS 0x0000000088f00000, 0x0000000088f00000| Untracked 
| 118|0x0000000089000000, 0x0000000089000000, 0x0000000089100000|  0%| F|  |TAMS 0x0000000089000000, 0x0000000089000000| Untracked 
| 119|0x0000000089100000, 0x0000000089100000, 0x0000000089200000|  0%| F|  |TAMS 0x0000000089100000, 0x0000000089100000| Untracked 
| 120|0x0000000089200000, 0x0000000089200000, 0x0000000089300000|  0%| F|  |TAMS 0x0000000089200000, 0x0000000089200000| Untracked 
| 121|0x0000000089300000, 0x0000000089300000, 0x0000000089400000|  0%| F|  |TAMS 0x0000000089300000, 0x0000000089300000| Untracked 
| 122|0x0000000089400000, 0x0000000089400000, 0x0000000089500000|  0%| F|  |TAMS 0x0000000089400000, 0x0000000089400000| Untracked 
| 123|0x0000000089500000, 0x0000000089500000, 0x0000000089600000|  0%| F|  |TAMS 0x0000000089500000, 0x0000000089500000| Untracked 
| 124|0x0000000089600000, 0x0000000089600000, 0x0000000089700000|  0%| F|  |TAMS 0x0000000089600000, 0x0000000089600000| Untracked 
| 125|0x0000000089700000, 0x0000000089700000, 0x0000000089800000|  0%| F|  |TAMS 0x0000000089700000, 0x0000000089700000| Untracked 
| 126|0x0000000089800000, 0x0000000089800000, 0x0000000089900000|  0%| F|  |TAMS 0x0000000089800000, 0x0000000089800000| Untracked 
| 127|0x0000000089900000, 0x0000000089900000, 0x0000000089a00000|  0%| F|  |TAMS 0x0000000089900000, 0x0000000089900000| Untracked 
| 128|0x0000000089a00000, 0x0000000089a00000, 0x0000000089b00000|  0%| F|  |TAMS 0x0000000089a00000, 0x0000000089a00000| Untracked 
| 129|0x0000000089b00000, 0x0000000089b00000, 0x0000000089c00000|  0%| F|  |TAMS 0x0000000089b00000, 0x0000000089b00000| Untracked 
| 130|0x0000000089c00000, 0x0000000089c00000, 0x0000000089d00000|  0%| F|  |TAMS 0x0000000089c00000, 0x0000000089c00000| Untracked 
| 131|0x0000000089d00000, 0x0000000089d00000, 0x0000000089e00000|  0%| F|  |TAMS 0x0000000089d00000, 0x0000000089d00000| Untracked 
| 132|0x0000000089e00000, 0x0000000089e00000, 0x0000000089f00000|  0%| F|  |TAMS 0x0000000089e00000, 0x0000000089e00000| Untracked 
| 133|0x0000000089f00000, 0x0000000089f00000, 0x000000008a000000|  0%| F|  |TAMS 0x0000000089f00000, 0x0000000089f00000| Untracked 
| 134|0x000000008a000000, 0x000000008a000000, 0x000000008a100000|  0%| F|  |TAMS 0x000000008a000000, 0x000000008a000000| Untracked 
| 135|0x000000008a100000, 0x000000008a100000, 0x000000008a200000|  0%| F|  |TAMS 0x000000008a100000, 0x000000008a100000| Untracked 
| 136|0x000000008a200000, 0x000000008a200000, 0x000000008a300000|  0%| F|  |TAMS 0x000000008a200000, 0x000000008a200000| Untracked 
| 137|0x000000008a300000, 0x000000008a300000, 0x000000008a400000|  0%| F|  |TAMS 0x000000008a300000, 0x000000008a300000| Untracked 
| 138|0x000000008a400000, 0x000000008a400000, 0x000000008a500000|  0%| F|  |TAMS 0x000000008a400000, 0x000000008a400000| Untracked 
| 139|0x000000008a500000, 0x000000008a500000, 0x000000008a600000|  0%| F|  |TAMS 0x000000008a500000, 0x000000008a500000| Untracked 
| 140|0x000000008a600000, 0x000000008a600000, 0x000000008a700000|  0%| F|  |TAMS 0x000000008a600000, 0x000000008a600000| Untracked 
| 141|0x000000008a700000, 0x000000008a700000, 0x000000008a800000|  0%| F|  |TAMS 0x000000008a700000, 0x000000008a700000| Untracked 
| 142|0x000000008a800000, 0x000000008a800000, 0x000000008a900000|  0%| F|  |TAMS 0x000000008a800000, 0x000000008a800000| Untracked 
| 143|0x000000008a900000, 0x000000008a900000, 0x000000008aa00000|  0%| F|  |TAMS 0x000000008a900000, 0x000000008a900000| Untracked 
| 144|0x000000008aa00000, 0x000000008aa00000, 0x000000008ab00000|  0%| F|  |TAMS 0x000000008aa00000, 0x000000008aa00000| Untracked 
| 145|0x000000008ab00000, 0x000000008ab00000, 0x000000008ac00000|  0%| F|  |TAMS 0x000000008ab00000, 0x000000008ab00000| Untracked 
| 146|0x000000008ac00000, 0x000000008ac00000, 0x000000008ad00000|  0%| F|  |TAMS 0x000000008ac00000, 0x000000008ac00000| Untracked 
| 147|0x000000008ad00000, 0x000000008ad00000, 0x000000008ae00000|  0%| F|  |TAMS 0x000000008ad00000, 0x000000008ad00000| Untracked 
| 148|0x000000008ae00000, 0x000000008ae00000, 0x000000008af00000|  0%| F|  |TAMS 0x000000008ae00000, 0x000000008ae00000| Untracked 
| 149|0x000000008af00000, 0x000000008af00000, 0x000000008b000000|  0%| F|  |TAMS 0x000000008af00000, 0x000000008af00000| Untracked 
| 150|0x000000008b000000, 0x000000008b000000, 0x000000008b100000|  0%| F|  |TAMS 0x000000008b000000, 0x000000008b000000| Untracked 
| 151|0x000000008b100000, 0x000000008b100000, 0x000000008b200000|  0%| F|  |TAMS 0x000000008b100000, 0x000000008b100000| Untracked 
| 152|0x000000008b200000, 0x000000008b200000, 0x000000008b300000|  0%| F|  |TAMS 0x000000008b200000, 0x000000008b200000| Untracked 
| 153|0x000000008b300000, 0x000000008b300000, 0x000000008b400000|  0%| F|  |TAMS 0x000000008b300000, 0x000000008b300000| Untracked 
| 154|0x000000008b400000, 0x000000008b400000, 0x000000008b500000|  0%| F|  |TAMS 0x000000008b400000, 0x000000008b400000| Untracked 
| 155|0x000000008b500000, 0x000000008b500000, 0x000000008b600000|  0%| F|  |TAMS 0x000000008b500000, 0x000000008b500000| Untracked 
| 156|0x000000008b600000, 0x000000008b600000, 0x000000008b700000|  0%| F|  |TAMS 0x000000008b600000, 0x000000008b600000| Untracked 
| 157|0x000000008b700000, 0x000000008b700000, 0x000000008b800000|  0%| F|  |TAMS 0x000000008b700000, 0x000000008b700000| Untracked 
| 158|0x000000008b800000, 0x000000008b800000, 0x000000008b900000|  0%| F|  |TAMS 0x000000008b800000, 0x000000008b800000| Untracked 
| 159|0x000000008b900000, 0x000000008b900000, 0x000000008ba00000|  0%| F|  |TAMS 0x000000008b900000, 0x000000008b900000| Untracked 
| 160|0x000000008ba00000, 0x000000008ba00000, 0x000000008bb00000|  0%| F|  |TAMS 0x000000008ba00000, 0x000000008ba00000| Untracked 
| 161|0x000000008bb00000, 0x000000008bb00000, 0x000000008bc00000|  0%| F|  |TAMS 0x000000008bb00000, 0x000000008bb00000| Untracked 
| 162|0x000000008bc00000, 0x000000008bc00000, 0x000000008bd00000|  0%| F|  |TAMS 0x000000008bc00000, 0x000000008bc00000| Untracked 
| 163|0x000000008bd00000, 0x000000008bd00000, 0x000000008be00000|  0%| F|  |TAMS 0x000000008bd00000, 0x000000008bd00000| Untracked 
| 164|0x000000008be00000, 0x000000008be00000, 0x000000008bf00000|  0%| F|  |TAMS 0x000000008be00000, 0x000000008be00000| Untracked 
| 165|0x000000008bf00000, 0x000000008bf00000, 0x000000008c000000|  0%| F|  |TAMS 0x000000008bf00000, 0x000000008bf00000| Untracked 
| 166|0x000000008c000000, 0x000000008c000000, 0x000000008c100000|  0%| F|  |TAMS 0x000000008c000000, 0x000000008c000000| Untracked 
| 167|0x000000008c100000, 0x000000008c100000, 0x000000008c200000|  0%| F|  |TAMS 0x000000008c100000, 0x000000008c100000| Untracked 
| 168|0x000000008c200000, 0x000000008c200000, 0x000000008c300000|  0%| F|  |TAMS 0x000000008c200000, 0x000000008c200000| Untracked 
| 169|0x000000008c300000, 0x000000008c300000, 0x000000008c400000|  0%| F|  |TAMS 0x000000008c300000, 0x000000008c300000| Untracked 
| 170|0x000000008c400000, 0x000000008c400000, 0x000000008c500000|  0%| F|  |TAMS 0x000000008c400000, 0x000000008c400000| Untracked 
| 171|0x000000008c500000, 0x000000008c500000, 0x000000008c600000|  0%| F|  |TAMS 0x000000008c500000, 0x000000008c500000| Untracked 
| 172|0x000000008c600000, 0x000000008c600000, 0x000000008c700000|  0%| F|  |TAMS 0x000000008c600000, 0x000000008c600000| Untracked 
| 173|0x000000008c700000, 0x000000008c700000, 0x000000008c800000|  0%| F|  |TAMS 0x000000008c700000, 0x000000008c700000| Untracked 
| 174|0x000000008c800000, 0x000000008c800000, 0x000000008c900000|  0%| F|  |TAMS 0x000000008c800000, 0x000000008c800000| Untracked 
| 175|0x000000008c900000, 0x000000008c900000, 0x000000008ca00000|  0%| F|  |TAMS 0x000000008c900000, 0x000000008c900000| Untracked 
| 176|0x000000008ca00000, 0x000000008ca00000, 0x000000008cb00000|  0%| F|  |TAMS 0x000000008ca00000, 0x000000008ca00000| Untracked 
| 177|0x000000008cb00000, 0x000000008cb00000, 0x000000008cc00000|  0%| F|  |TAMS 0x000000008cb00000, 0x000000008cb00000| Untracked 
| 178|0x000000008cc00000, 0x000000008cc00000, 0x000000008cd00000|  0%| F|  |TAMS 0x000000008cc00000, 0x000000008cc00000| Untracked 
| 179|0x000000008cd00000, 0x000000008cd00000, 0x000000008ce00000|  0%| F|  |TAMS 0x000000008cd00000, 0x000000008cd00000| Untracked 
| 180|0x000000008ce00000, 0x000000008ce00000, 0x000000008cf00000|  0%| F|  |TAMS 0x000000008ce00000, 0x000000008ce00000| Untracked 
| 181|0x000000008cf00000, 0x000000008cf00000, 0x000000008d000000|  0%| F|  |TAMS 0x000000008cf00000, 0x000000008cf00000| Untracked 
| 182|0x000000008d000000, 0x000000008d000000, 0x000000008d100000|  0%| F|  |TAMS 0x000000008d000000, 0x000000008d000000| Untracked 
| 183|0x000000008d100000, 0x000000008d100000, 0x000000008d200000|  0%| F|  |TAMS 0x000000008d100000, 0x000000008d100000| Untracked 
| 184|0x000000008d200000, 0x000000008d200000, 0x000000008d300000|  0%| F|  |TAMS 0x000000008d200000, 0x000000008d200000| Untracked 
| 185|0x000000008d300000, 0x000000008d300000, 0x000000008d400000|  0%| F|  |TAMS 0x000000008d300000, 0x000000008d300000| Untracked 
| 186|0x000000008d400000, 0x000000008d400000, 0x000000008d500000|  0%| F|  |TAMS 0x000000008d400000, 0x000000008d400000| Untracked 
| 187|0x000000008d500000, 0x000000008d500000, 0x000000008d600000|  0%| F|  |TAMS 0x000000008d500000, 0x000000008d500000| Untracked 
| 188|0x000000008d600000, 0x000000008d600000, 0x000000008d700000|  0%| F|  |TAMS 0x000000008d600000, 0x000000008d600000| Untracked 
| 189|0x000000008d700000, 0x000000008d700000, 0x000000008d800000|  0%| F|  |TAMS 0x000000008d700000, 0x000000008d700000| Untracked 
| 190|0x000000008d800000, 0x000000008d800000, 0x000000008d900000|  0%| F|  |TAMS 0x000000008d800000, 0x000000008d800000| Untracked 
| 191|0x000000008d900000, 0x000000008d900000, 0x000000008da00000|  0%| F|  |TAMS 0x000000008d900000, 0x000000008d900000| Untracked 
| 192|0x000000008da00000, 0x000000008da00000, 0x000000008db00000|  0%| F|  |TAMS 0x000000008da00000, 0x000000008da00000| Untracked 
| 193|0x000000008db00000, 0x000000008db00000, 0x000000008dc00000|  0%| F|  |TAMS 0x000000008db00000, 0x000000008db00000| Untracked 
| 194|0x000000008dc00000, 0x000000008dc00000, 0x000000008dd00000|  0%| F|  |TAMS 0x000000008dc00000, 0x000000008dc00000| Untracked 
| 195|0x000000008dd00000, 0x000000008dd00000, 0x000000008de00000|  0%| F|  |TAMS 0x000000008dd00000, 0x000000008dd00000| Untracked 
| 196|0x000000008de00000, 0x000000008de00000, 0x000000008df00000|  0%| F|  |TAMS 0x000000008de00000, 0x000000008de00000| Untracked 
| 197|0x000000008df00000, 0x000000008df00000, 0x000000008e000000|  0%| F|  |TAMS 0x000000008df00000, 0x000000008df00000| Untracked 
| 198|0x000000008e000000, 0x000000008e000000, 0x000000008e100000|  0%| F|  |TAMS 0x000000008e000000, 0x000000008e000000| Untracked 
| 199|0x000000008e100000, 0x000000008e100000, 0x000000008e200000|  0%| F|  |TAMS 0x000000008e100000, 0x000000008e100000| Untracked 
| 200|0x000000008e200000, 0x000000008e200000, 0x000000008e300000|  0%| F|  |TAMS 0x000000008e200000, 0x000000008e200000| Untracked 
| 201|0x000000008e300000, 0x000000008e300000, 0x000000008e400000|  0%| F|  |TAMS 0x000000008e300000, 0x000000008e300000| Untracked 
| 202|0x000000008e400000, 0x000000008e400000, 0x000000008e500000|  0%| F|  |TAMS 0x000000008e400000, 0x000000008e400000| Untracked 
| 203|0x000000008e500000, 0x000000008e500000, 0x000000008e600000|  0%| F|  |TAMS 0x000000008e500000, 0x000000008e500000| Untracked 
| 204|0x000000008e600000, 0x000000008e600000, 0x000000008e700000|  0%| F|  |TAMS 0x000000008e600000, 0x000000008e600000| Untracked 
| 205|0x000000008e700000, 0x000000008e700000, 0x000000008e800000|  0%| F|  |TAMS 0x000000008e700000, 0x000000008e700000| Untracked 
| 206|0x000000008e800000, 0x000000008e800000, 0x000000008e900000|  0%| F|  |TAMS 0x000000008e800000, 0x000000008e800000| Untracked 
| 207|0x000000008e900000, 0x000000008e900000, 0x000000008ea00000|  0%| F|  |TAMS 0x000000008e900000, 0x000000008e900000| Untracked 
| 208|0x000000008ea00000, 0x000000008ea00000, 0x000000008eb00000|  0%| F|  |TAMS 0x000000008ea00000, 0x000000008ea00000| Untracked 
| 209|0x000000008eb00000, 0x000000008eb00000, 0x000000008ec00000|  0%| F|  |TAMS 0x000000008eb00000, 0x000000008eb00000| Untracked 
| 210|0x000000008ec00000, 0x000000008ec00000, 0x000000008ed00000|  0%| F|  |TAMS 0x000000008ec00000, 0x000000008ec00000| Untracked 
| 211|0x000000008ed00000, 0x000000008ed00000, 0x000000008ee00000|  0%| F|  |TAMS 0x000000008ed00000, 0x000000008ed00000| Untracked 
| 212|0x000000008ee00000, 0x000000008ee00000, 0x000000008ef00000|  0%| F|  |TAMS 0x000000008ee00000, 0x000000008ee00000| Untracked 
| 213|0x000000008ef00000, 0x000000008ef00000, 0x000000008f000000|  0%| F|  |TAMS 0x000000008ef00000, 0x000000008ef00000| Untracked 
| 214|0x000000008f000000, 0x000000008f000000, 0x000000008f100000|  0%| F|  |TAMS 0x000000008f000000, 0x000000008f000000| Untracked 
| 215|0x000000008f100000, 0x000000008f100000, 0x000000008f200000|  0%| F|  |TAMS 0x000000008f100000, 0x000000008f100000| Untracked 
| 216|0x000000008f200000, 0x000000008f200000, 0x000000008f300000|  0%| F|  |TAMS 0x000000008f200000, 0x000000008f200000| Untracked 

Card table byte_map: [0x000001e159890000,0x000001e159c90000] _byte_map_base: 0x000001e159483000

Marking Bits (Prev, Next): (CMBitMap*) 0x000001e141d2ffd8, (CMBitMap*) 0x000001e141d30018
 Prev Bits: [0x000001e15a090000, 0x000001e15c028000)
 Next Bits: [0x000001e15c030000, 0x000001e15dfc8000)

Polling page: 0x000001e13fbe0000

Metaspace:

Usage:
  Non-class:    352.00 KB capacity,   260.66 KB ( 74%) used,    90.52 KB ( 26%) free+waste,   832 bytes ( <1%) overhead. 
      Class:    388.00 KB capacity,    10.98 KB (  3%) used,   376.83 KB ( 97%) free+waste,   192 bytes ( <1%) overhead. 
       Both:    740.00 KB capacity,   271.65 KB ( 37%) used,   467.35 KB ( 63%) free+waste,     1.00 KB ( <1%) overhead. 

Virtual space:
  Non-class space:       12.00 MB reserved,     512.00 KB (  4%) committed 
      Class space:        1.00 GB reserved,     512.00 KB ( <1%) committed 
             Both:        1.01 GB reserved,       1.00 MB ( <1%) committed 

Chunk freelists:
   Non-Class:  32.00 KB
       Class:  0 bytes
        Both:  32.00 KB

MaxMetaspaceSize: 17179869184.00 GB
CompressedClassSpaceSize: 1.00 GB

CodeHeap 'non-profiled nmethods': size=120000Kb used=138Kb max_used=138Kb free=119861Kb
 bounds [0x000001e151f60000, 0x000001e1521d0000, 0x000001e159490000]
CodeHeap 'profiled nmethods': size=120000Kb used=242Kb max_used=242Kb free=119758Kb
 bounds [0x000001e14aa30000, 0x000001e14aca0000, 0x000001e151f60000]
CodeHeap 'non-nmethods': size=5760Kb used=1046Kb max_used=1065Kb free=4713Kb
 bounds [0x000001e14a490000, 0x000001e14a700000, 0x000001e14aa30000]
 total_blobs=834 nmethods=178 adapters=179
 compilation: enabled
              stopped_count=0, restarted_count=0
 full_count=0

Compilation events (20 events):
Event: 2.691 Thread 0x000001e1604fd000  172       3       npuzzle.Search::<init> (407 bytes)
Event: 2.693 Thread 0x000001e1604c4000 nmethod 168 0x000001e151f7ab10 code [0x000001e151f7adc0, 0x000001e151f7b798]
Event: 2.693 Thread 0x000001e1604c4000  170       4       npuzzle.Search::Equal (53 bytes)
Event: 2.693 Thread 0x000001e1604fd000 nmethod 172 0x000001e14aa64a10 code [0x000001e14aa64f40, 0x000001e14aa67718]
Event: 2.695 Thread 0x000001e1604c4000 nmethod 170 0x000001e151f7bd10 code [0x000001e151f7bea0, 0x000001e151f7c018]
Event: 2.695 Thread 0x000001e1604c4000  169       4       java.util.AbstractQueue::remove (19 bytes)
Event: 2.695 Thread 0x000001e1604c4000 nmethod 169 0x000001e151f7c110 code [0x000001e151f7c2a0, 0x000001e151f7c368]
Event: 2.699 Thread 0x000001e1604c4000  173 %     4       java.util.HashMap::resize @ 151 (356 bytes)
Event: 2.704 Thread 0x000001e1604fd000  174 %     3       npuzzle.Search::<init> @ 236 (407 bytes)
Event: 2.706 Thread 0x000001e1604fd000 nmethod 174% 0x000001e14aa68790 code [0x000001e14aa68c40, 0x000001e14aa6b228]
Event: 2.709 Thread 0x000001e1604c4000 nmethod 173% 0x000001e151f7c490 code [0x000001e151f7c680, 0x000001e151f7d118]
Event: 2.723 Thread 0x000001e1604fd000  175       3       java.util.HashMap::get (23 bytes)
Event: 2.724 Thread 0x000001e1604fd000 nmethod 175 0x000001e14aa6c190 code [0x000001e14aa6c360, 0x000001e14aa6c6b8]
Event: 2.737 Thread 0x000001e1604c4000  176       4       java.util.HashMap::get (23 bytes)
Event: 2.744 Thread 0x000001e1604c4000 nmethod 176 0x000001e151f7d410 code [0x000001e151f7d660, 0x000001e151f7df18]
Event: 3.196 Thread 0x000001e1604c4000  177 %     4       npuzzle.Search::<init> @ 276 (407 bytes)
Event: 3.219 Thread 0x000001e1604c4000 nmethod 177% 0x000001e151f7e390 code [0x000001e151f7e720, 0x000001e151f7faf0]
Event: 3.414 Thread 0x000001e1604c4000  178 %     4       npuzzle.Search::<init> @ 236 (407 bytes)
Event: 3.436 Thread 0x000001e1604c4000 nmethod 178% 0x000001e151f80710 code [0x000001e151f80a80, 0x000001e151f81e30]
Event: 3.514 Thread 0x000001e1604c4000  179       4       java.util.HashMap::resize (356 bytes)

GC Heap History (19 events):
Event: 2.450 GC heap before
{Heap before GC invocations=0 (full 0):
 garbage-first heap   total 131072K, used 13312K [0x0000000081a00000, 0x0000000100000000)
  region size 1024K, 13 young (13312K), 0 survivors (0K)
 Metaspace       used 263K, capacity 740K, committed 1024K, reserved 1060864K
  class space    used 10K, capacity 388K, committed 512K, reserved 1048576K
}
Event: 2.522 GC heap after
{Heap after GC invocations=1 (full 0):
 garbage-first heap   total 131072K, used 1073K [0x0000000081a00000, 0x0000000100000000)
  region size 1024K, 2 young (2048K), 2 survivors (2048K)
 Metaspace       used 263K, capacity 740K, committed 1024K, reserved 1060864K
  class space    used 10K, capacity 388K, committed 512K, reserved 1048576K
}
Event: 2.547 GC heap before
{Heap before GC invocations=1 (full 0):
 garbage-first heap   total 131072K, used 20529K [0x0000000081a00000, 0x0000000100000000)
  region size 1024K, 21 young (21504K), 2 survivors (2048K)
 Metaspace       used 263K, capacity 740K, committed 1024K, reserved 1060864K
  class space    used 10K, capacity 388K, committed 512K, reserved 1048576K
}
Event: 2.549 GC heap after
{Heap after GC invocations=2 (full 0):
 garbage-first heap   total 131072K, used 2044K [0x0000000081a00000, 0x0000000100000000)
  region size 1024K, 2 young (2048K), 2 survivors (2048K)
 Metaspace       used 263K, capacity 740K, committed 1024K, reserved 1060864K
  class space    used 10K, capacity 388K, committed 512K, reserved 1048576K
}
Event: 2.611 GC heap before
{Heap before GC invocations=2 (full 0):
 garbage-first heap   total 131072K, used 77820K [0x0000000081a00000, 0x0000000100000000)
  region size 1024K, 76 young (77824K), 2 survivors (2048K)
 Metaspace       used 263K, capacity 740K, committed 1024K, reserved 1060864K
  class space    used 10K, capacity 388K, committed 512K, reserved 1048576K
}
Event: 2.616 GC heap after
{Heap after GC invocations=3 (full 0):
 garbage-first heap   total 131072K, used 5445K [0x0000000081a00000, 0x0000000100000000)
  region size 1024K, 6 young (6144K), 6 survivors (6144K)
 Metaspace       used 263K, capacity 740K, committed 1024K, reserved 1060864K
  class space    used 10K, capacity 388K, committed 512K, reserved 1048576K
}
Event: 2.675 GC heap before
{Heap before GC invocations=3 (full 0):
 garbage-first heap   total 131072K, used 77125K [0x0000000081a00000, 0x0000000100000000)
  region size 1024K, 76 young (77824K), 6 survivors (6144K)
 Metaspace       used 263K, capacity 740K, committed 1024K, reserved 1060864K
  class space    used 10K, capacity 388K, committed 512K, reserved 1048576K
}
Event: 2.681 GC heap after
{Heap after GC invocations=4 (full 0):
 garbage-first heap   total 131072K, used 9048K [0x0000000081a00000, 0x0000000100000000)
  region size 1024K, 8 young (8192K), 8 survivors (8192K)
 Metaspace       used 263K, capacity 740K, committed 1024K, reserved 1060864K
  class space    used 10K, capacity 388K, committed 512K, reserved 1048576K
}
Event: 2.710 GC heap before
{Heap before GC invocations=4 (full 0):
 garbage-first heap   total 131072K, used 78680K [0x0000000081a00000, 0x0000000100000000)
  region size 1024K, 76 young (77824K), 8 survivors (8192K)
 Metaspace       used 271K, capacity 740K, committed 1024K, reserved 1060864K
  class space    used 10K, capacity 388K, committed 512K, reserved 1048576K
}
Event: 2.719 GC heap after
{Heap after GC invocations=5 (full 0):
 garbage-first heap   total 131072K, used 12558K [0x0000000081a00000, 0x0000000100000000)
  region size 1024K, 7 young (7168K), 7 survivors (7168K)
 Metaspace       used 271K, capacity 740K, committed 1024K, reserved 1060864K
  class space    used 10K, capacity 388K, committed 512K, reserved 1048576K
}
Event: 2.749 GC heap before
{Heap before GC invocations=5 (full 0):
 garbage-first heap   total 131072K, used 83214K [0x0000000081a00000, 0x0000000100000000)
  region size 1024K, 76 young (77824K), 7 survivors (7168K)
 Metaspace       used 271K, capacity 740K, committed 1024K, reserved 1060864K
  class space    used 10K, capacity 388K, committed 512K, reserved 1048576K
}
Event: 3.119 GC heap after
{Heap after GC invocations=6 (full 0):
 garbage-first heap   total 222208K, used 16038K [0x0000000081a00000, 0x0000000100000000)
  region size 1024K, 7 young (7168K), 7 survivors (7168K)
 Metaspace       used 271K, capacity 740K, committed 1024K, reserved 1060864K
  class space    used 10K, capacity 388K, committed 512K, reserved 1048576K
}
Event: 3.130 GC heap before
{Heap before GC invocations=6 (full 0):
 garbage-first heap   total 222208K, used 19110K [0x0000000081a00000, 0x0000000100000000)
  region size 1024K, 10 young (10240K), 7 survivors (7168K)
 Metaspace       used 271K, capacity 740K, committed 1024K, reserved 1060864K
  class space    used 10K, capacity 388K, committed 512K, reserved 1048576K
}
Event: 3.155 GC heap after
{Heap after GC invocations=7 (full 0):
 garbage-first heap   total 222208K, used 16986K [0x0000000081a00000, 0x0000000100000000)
  region size 1024K, 1 young (1024K), 1 survivors (1024K)
 Metaspace       used 271K, capacity 740K, committed 1024K, reserved 1060864K
  class space    used 10K, capacity 388K, committed 512K, reserved 1048576K
}
Event: 3.524 GC heap before
{Heap before GC invocations=7 (full 0):
 garbage-first heap   total 222208K, used 150106K [0x0000000081a00000, 0x0000000100000000)
  region size 1024K, 130 young (133120K), 1 survivors (1024K)
 Metaspace       used 271K, capacity 740K, committed 1024K, reserved 1060864K
  class space    used 10K, capacity 388K, committed 512K, reserved 1048576K
}
Event: 3.530 GC heap after
{Heap after GC invocations=8 (full 0):
 garbage-first heap   total 222208K, used 23354K [0x0000000081a00000, 0x0000000100000000)
  region size 1024K, 7 young (7168K), 7 survivors (7168K)
 Metaspace       used 271K, capacity 740K, committed 1024K, reserved 1060864K
  class space    used 10K, capacity 388K, committed 512K, reserved 1048576K
}
Event: 3.585 GC heap before
{Heap before GC invocations=8 (full 0):
 garbage-first heap   total 222208K, used 149306K [0x0000000081a00000, 0x0000000100000000)
  region size 1024K, 130 young (133120K), 7 survivors (7168K)
 Metaspace       used 271K, capacity 740K, committed 1024K, reserved 1060864K
  class space    used 10K, capacity 388K, committed 512K, reserved 1048576K
}
Event: 3.594 GC heap after
{Heap after GC invocations=9 (full 0):
 garbage-first heap   total 222208K, used 29174K [0x0000000081a00000, 0x0000000100000000)
  region size 1024K, 12 young (12288K), 12 survivors (12288K)
 Metaspace       used 271K, capacity 740K, committed 1024K, reserved 1060864K
  class space    used 10K, capacity 388K, committed 512K, reserved 1048576K
}
Event: 3.643 GC heap before
{Heap before GC invocations=9 (full 0):
 garbage-first heap   total 222208K, used 150006K [0x0000000081a00000, 0x0000000100000000)
  region size 1024K, 130 young (133120K), 12 survivors (12288K)
 Metaspace       used 271K, capacity 740K, committed 1024K, reserved 1060864K
  class space    used 10K, capacity 388K, committed 512K, reserved 1048576K
}

Deoptimization events (20 events):
Event: 2.702 Thread 0x000001e141cec000 DEOPT PACKING pc=0x000001e14aa636f7 sp=0x0000009a324fee80
Event: 2.702 Thread 0x000001e141cec000 DEOPT UNPACKING pc=0x000001e14a4d964e sp=0x0000009a324fe480 mode 0
Event: 2.723 Thread 0x000001e141cec000 Uncommon trap: trap_request=0xffffff45 fr.pc=0x000001e151f756f0 relative=0x0000000000000710
Event: 2.723 Thread 0x000001e141cec000 Uncommon trap: reason=unstable_if action=reinterpret pc=0x000001e151f756f0 method=java.util.HashMap.getNode(ILjava/lang/Object;)Ljava/util/HashMap$Node; @ 62 c2
Event: 2.723 Thread 0x000001e141cec000 DEOPT PACKING pc=0x000001e151f756f0 sp=0x0000009a324fee30
Event: 2.723 Thread 0x000001e141cec000 DEOPT UNPACKING pc=0x000001e14a4d912f sp=0x0000009a324fed40 mode 2
Event: 2.724 Thread 0x000001e141cec000 DEOPT PACKING pc=0x000001e14aa636f7 sp=0x0000009a324fee80
Event: 2.724 Thread 0x000001e141cec000 DEOPT UNPACKING pc=0x000001e14a4d964e sp=0x0000009a324fe480 mode 0
Event: 2.737 Thread 0x000001e141cec000 DEOPT PACKING pc=0x000001e14aa636f7 sp=0x0000009a324fee80
Event: 2.737 Thread 0x000001e141cec000 DEOPT UNPACKING pc=0x000001e14a4d964e sp=0x0000009a324fe480 mode 0
Event: 3.125 Thread 0x000001e141cec000 DEOPT PACKING pc=0x000001e14aa63833 sp=0x0000009a324fee80
Event: 3.125 Thread 0x000001e141cec000 DEOPT UNPACKING pc=0x000001e14a4d964e sp=0x0000009a324fe490 mode 0
Event: 3.196 Thread 0x000001e141cec000 DEOPT PACKING pc=0x000001e14aa636f7 sp=0x0000009a324fee80
Event: 3.196 Thread 0x000001e141cec000 DEOPT UNPACKING pc=0x000001e14a4d964e sp=0x0000009a324fe480 mode 0
Event: 3.391 Thread 0x000001e141cec000 DEOPT PACKING pc=0x000001e14aa636f7 sp=0x0000009a324fee80
Event: 3.391 Thread 0x000001e141cec000 DEOPT UNPACKING pc=0x000001e14a4d964e sp=0x0000009a324fe480 mode 0
Event: 3.494 Thread 0x000001e141cec000 DEOPT PACKING pc=0x000001e14aa6aea7 sp=0x0000009a324feeb0
Event: 3.494 Thread 0x000001e141cec000 DEOPT UNPACKING pc=0x000001e14a4d964e sp=0x0000009a324fe480 mode 0
Event: 3.514 Thread 0x000001e141cec000 DEOPT PACKING pc=0x000001e14aa49306 sp=0x0000009a324feeb0
Event: 3.514 Thread 0x000001e141cec000 DEOPT UNPACKING pc=0x000001e14a4d964e sp=0x0000009a324fe318 mode 0

Classes unloaded (0 events):
No events

Classes redefined (0 events):
No events

Internal exceptions (0 events):
No events

Events (20 events):
Event: 2.285 loading class java/util/PriorityQueue done
Event: 2.450 Executing VM operation: G1CollectForAllocation
Event: 2.522 Executing VM operation: G1CollectForAllocation done
Event: 2.547 Executing VM operation: G1CollectForAllocation
Event: 2.549 Executing VM operation: G1CollectForAllocation done
Event: 2.611 Executing VM operation: G1CollectForAllocation
Event: 2.616 Executing VM operation: G1CollectForAllocation done
Event: 2.675 Executing VM operation: G1CollectForAllocation
Event: 2.681 Executing VM operation: G1CollectForAllocation done
Event: 2.710 Executing VM operation: G1CollectForAllocation
Event: 2.719 Executing VM operation: G1CollectForAllocation done
Event: 2.749 Executing VM operation: G1CollectForAllocation
Event: 3.119 Executing VM operation: G1CollectForAllocation done
Event: 3.130 Executing VM operation: G1CollectForAllocation
Event: 3.156 Executing VM operation: G1CollectForAllocation done
Event: 3.524 Executing VM operation: G1CollectForAllocation
Event: 3.530 Executing VM operation: G1CollectForAllocation done
Event: 3.585 Executing VM operation: G1CollectForAllocation
Event: 3.594 Executing VM operation: G1CollectForAllocation done
Event: 3.643 Executing VM operation: G1CollectForAllocation


Dynamic libraries:
0x00007ff6f1970000 - 0x00007ff6f197f000 	C:\Program Files\Java\jdk-14\bin\javaw.exe
0x00007ffd04060000 - 0x00007ffd04250000 	C:\WINDOWS\SYSTEM32\ntdll.dll
0x00007ffd02110000 - 0x00007ffd021c2000 	C:\WINDOWS\System32\KERNEL32.DLL
0x00007ffd01e60000 - 0x00007ffd02103000 	C:\WINDOWS\System32\KERNELBASE.dll
0x00007ffd01ab0000 - 0x00007ffd01baa000 	C:\WINDOWS\System32\ucrtbase.dll
0x00007ffcede20000 - 0x00007ffcede35000 	C:\Program Files\Java\jdk-14\bin\VCRUNTIME140.dll
0x00007ffcede00000 - 0x00007ffcede18000 	C:\Program Files\Java\jdk-14\bin\jli.dll
0x00007ffd021d0000 - 0x00007ffd02273000 	C:\WINDOWS\System32\ADVAPI32.dll
0x00007ffd03e40000 - 0x00007ffd03ede000 	C:\WINDOWS\System32\msvcrt.dll
0x00007ffd03d60000 - 0x00007ffd03df7000 	C:\WINDOWS\System32\sechost.dll
0x00007ffd03080000 - 0x00007ffd031a0000 	C:\WINDOWS\System32\RPCRT4.dll
0x00007ffd03a80000 - 0x00007ffd03c14000 	C:\WINDOWS\System32\USER32.dll
0x00007ffd01970000 - 0x00007ffd01991000 	C:\WINDOWS\System32\win32u.dll
0x00007ffd03e00000 - 0x00007ffd03e26000 	C:\WINDOWS\System32\GDI32.dll
0x00007ffd01ca0000 - 0x00007ffd01e34000 	C:\WINDOWS\System32\gdi32full.dll
0x00007ffd01bb0000 - 0x00007ffd01c4e000 	C:\WINDOWS\System32\msvcp_win.dll
0x00007ffcf0720000 - 0x00007ffcf09a5000 	C:\WINDOWS\WinSxS\amd64_microsoft.windows.common-controls_6595b64144ccf1df_6.0.18362.720_none_e6beb5c51314836b\COMCTL32.dll
0x00007ffd03740000 - 0x00007ffd03a76000 	C:\WINDOWS\System32\combase.dll
0x00007ffd01a00000 - 0x00007ffd01a80000 	C:\WINDOWS\System32\bcryptPrimitives.dll
0x00007ffcf9690000 - 0x00007ffcf969a000 	C:\WINDOWS\SYSTEM32\VERSION.dll
0x00007ffd028f0000 - 0x00007ffd0291e000 	C:\WINDOWS\System32\IMM32.DLL
0x00007ffcedd60000 - 0x00007ffceddfb000 	C:\Program Files\Java\jdk-14\bin\msvcp140.dll
0x00007ffcb3cf0000 - 0x00007ffcb480f000 	C:\Program Files\Java\jdk-14\bin\server\jvm.dll
0x00007ffd02830000 - 0x00007ffd02838000 	C:\WINDOWS\System32\PSAPI.DLL
0x00007ffceb9f0000 - 0x00007ffceb9f9000 	C:\WINDOWS\SYSTEM32\WSOCK32.dll
0x00007ffd03ee0000 - 0x00007ffd03f4f000 	C:\WINDOWS\System32\WS2_32.dll
0x00007ffcfd610000 - 0x00007ffcfd634000 	C:\WINDOWS\SYSTEM32\WINMM.dll
0x00007ffcfd5e0000 - 0x00007ffcfd60d000 	C:\WINDOWS\SYSTEM32\WINMMBASE.dll
0x00007ffd01c50000 - 0x00007ffd01c9a000 	C:\WINDOWS\System32\cfgmgr32.dll
0x00007ffd00fa0000 - 0x00007ffd00fb1000 	C:\WINDOWS\System32\kernel.appcore.dll
0x00007ffcb7ab0000 - 0x00007ffcb7aba000 	C:\Program Files\Java\jdk-14\bin\jimage.dll
0x00007ffcea820000 - 0x00007ffceaa14000 	C:\WINDOWS\SYSTEM32\DBGHELP.DLL
0x00007ffce77d0000 - 0x00007ffce77fa000 	C:\WINDOWS\SYSTEM32\dbgcore.DLL
0x00007ffcb7a80000 - 0x00007ffcb7aa5000 	C:\Program Files\Java\jdk-14\bin\java.dll
0x00007ffcb7a60000 - 0x00007ffcb7a77000 	C:\Program Files\Java\jdk-14\bin\zip.dll
0x00007ffd02930000 - 0x00007ffd03015000 	C:\WINDOWS\System32\SHELL32.dll
0x00007ffd03670000 - 0x00007ffd03719000 	C:\WINDOWS\System32\shcore.dll
0x00007ffd01140000 - 0x00007ffd018c0000 	C:\WINDOWS\System32\windows.storage.dll
0x00007ffd00fc0000 - 0x00007ffd00fe3000 	C:\WINDOWS\System32\profapi.dll
0x00007ffd00f30000 - 0x00007ffd00f7a000 	C:\WINDOWS\System32\powrprof.dll
0x00007ffd00f20000 - 0x00007ffd00f30000 	C:\WINDOWS\System32\UMPDC.dll
0x00007ffd03020000 - 0x00007ffd03072000 	C:\WINDOWS\System32\shlwapi.dll
0x00007ffd01e40000 - 0x00007ffd01e57000 	C:\WINDOWS\System32\cryptsp.dll

dbghelp: loaded successfully - version: 4.0.5 - missing functions: none
symbol engine: initialized successfully - sym options: 0x614 - pdb path: .;C:\Program Files\Java\jdk-14\bin;C:\WINDOWS\SYSTEM32;C:\WINDOWS\WinSxS\amd64_microsoft.windows.common-controls_6595b64144ccf1df_6.0.18362.720_none_e6beb5c51314836b;C:\Program Files\Java\jdk-14\bin\server

VM Arguments:
jvm_args: -Dfile.encoding=Cp1252 -Djava.net.preferIPv4Stack=true 
java_command: npuzzle.Search
java_class_path (initial): C:\Users\KiD\eclipse-workspace\npuzzle\bin
Launcher Type: SUN_STANDARD

[Global flags]
     intx CICompilerCount                          = 3                                         {product} {ergonomic}
     uint ConcGCThreads                            = 1                                         {product} {ergonomic}
     uint G1ConcRefinementThreads                  = 4                                         {product} {ergonomic}
   size_t G1HeapRegionSize                         = 1048576                                   {product} {ergonomic}
    uintx GCDrainStackTargetSize                   = 64                                        {product} {ergonomic}
   size_t InitialHeapSize                          = 134217728                                 {product} {ergonomic}
   size_t MarkStackSize                            = 4194304                                   {product} {ergonomic}
   size_t MaxHeapSize                              = 2120220672                                {product} {ergonomic}
   size_t MaxNewSize                               = 1271922688                                {product} {ergonomic}
   size_t MinHeapDeltaBytes                        = 1048576                                   {product} {ergonomic}
   size_t MinHeapSize                              = 8388608                                   {product} {ergonomic}
    uintx NonNMethodCodeHeapSize                   = 5832780                                {pd product} {ergonomic}
    uintx NonProfiledCodeHeapSize                  = 122912730                              {pd product} {ergonomic}
    uintx ProfiledCodeHeapSize                     = 122912730                              {pd product} {ergonomic}
    uintx ReservedCodeCacheSize                    = 251658240                              {pd product} {ergonomic}
     bool SegmentedCodeCache                       = true                                      {product} {ergonomic}
   size_t SoftMaxHeapSize                          = 2120220672                             {manageable} {ergonomic}
     bool UseCompressedClassPointers               = true                                 {lp64_product} {ergonomic}
     bool UseCompressedOops                        = true                                 {lp64_product} {ergonomic}
     bool UseG1GC                                  = true                                      {product} {ergonomic}
     bool UseLargePagesIndividualAllocation        = false                                  {pd product} {ergonomic}

Logging:
Log output configuration:
 #0: stdout all=warning uptime,level,tags
 #1: stderr all=off uptime,level,tags

Environment Variables:
JAVA_HOME=C:\Program Files\Java\jdk-14
_JAVA_OPTIONS=-Djava.net.preferIPv4Stack=true
PATH=C:/Program Files/Java/jdk-14/bin/server;C:/Program Files/Java/jdk-14/bin;C:\WINDOWS\system32;C:\WINDOWS;C:\WINDOWS\System32\Wbem;C:\WINDOWS\System32\WindowsPowerShell\v1.0\;C:\WINDOWS\System32\OpenSSH\;C:\Program Files\Microsoft SQL Server\130\Tools\Binn\;C:\Program Files\Microsoft SQL Server\Client SDK\ODBC\170\Tools\Binn\;C:\Program Files (x86)\Microsoft SQL Server\150\Tools\Binn\;C:\Program Files\Microsoft SQL Server\150\Tools\Binn\;C:\Program Files\Microsoft SQL Server\150\DTS\Binn\;C:\Program Files (x86)\Microsoft SQL Server\150\DTS\Binn\;C:\MinGW\bin;C:\Program Files\dotnet\;C:\Users\KiD\anaconda3;C:\Users\KiD\anaconda3\Library\mingw-w64\bin;C:\Users\KiD\anaconda3\Library\usr\bin;C:\Users\KiD\anaconda3\Library\bin;C:\Users\KiD\anaconda3\Scripts;C:\Users\KiD\AppData\Local\Microsoft\WindowsApps;C:\Program Files\JetBrains\PyCharm Community Edition 2019.3.2\bin;C:\Program Files\Java\jdk-14\bin;C:\Users\KiD\AppData\Local\Programs\Microsoft VS Code\bin;C:\Users\KiD\AppData\Local\GitHubDesktop\bin;C:\Users\KiD\Desktop;
USERNAME=KiD
OS=Windows_NT
PROCESSOR_IDENTIFIER=Intel64 Family 6 Model 158 Stepping 9, GenuineIntel



---------------  S Y S T E M  ---------------

OS: Windows 10 , 64 bit Build 18362 (10.0.18362.329)
OS uptime: 0 days 0:30 hours

CPU:total 4 (initial active 4) (4 cores per cpu, 1 threads per core) family 6 model 158 stepping 9, cmov, cx8, fxsr, mmx, sse, sse2, sse3, ssse3, sse4.1, sse4.2, popcnt, avx, avx2, aes, clmul, erms, 3dnowpref, lzcnt, tsc, tscinvbit, bmi1, bmi2, adx, fma

Memory: 4k page, system-wide physical 8084M (43M free)
TotalPageFile size 23198M (AvailPageFile size 11M)
current process WorkingSet (physical memory assigned to process): 224M, peak: 224M
current process commit charge ("private bytes"): 298M, peak: 732M

vm_info: Java HotSpot(TM) 64-Bit Server VM (14+36-1461) for windows-amd64 JRE (14+36-1461), built on Feb  6 2020 19:08:04 by "mach5one" with MS VC++ 15.9 (VS2017)

END.
