#
# There is insufficient memory for the Java Runtime Environment to continue.
# Native memory allocation (mmap) failed to map 134217728 bytes for Failed to commit area from 0x0000000081a00000 to 0x0000000089a00000 of length 134217728.
# Possible reasons:
#   The system is out of physical RAM or swap space
#   The process is running with CompressedOops enabled, and the Java Heap may be blocking the growth of the native heap
# Possible solutions:
#   Reduce memory load on the system
#   Increase physical memory or swap space
#   Check if swap backing store is full
#   Decrease Java heap size (-Xmx/-Xms)
#   Decrease number of Java threads
#   Decrease Java thread stack sizes (-Xss)
#   Set larger code cache with -XX:ReservedCodeCacheSize=
#   JVM is running with Unscaled Compressed Oops mode in which the Java heap is
#     placed in the first 4GB address space. The Java Heap base address is the
#     maximum limit for the native heap growth. Please use -XX:HeapBaseMinAddress
#     to set the Java Heap base and to place the Java Heap above 4GB virtual address.
# This output file may be truncated or incomplete.
#
#  Out of Memory Error (t:/workspace/open/src/hotspot/os/windows/os_windows.cpp:3315), pid=10564, tid=7284
#
# JRE version:  (14.0+36) (build )
# Java VM: Java HotSpot(TM) 64-Bit Server VM (14+36-1461, mixed mode, sharing, tiered, compressed oops, g1 gc, windows-amd64)
# No core dump will be written. Minidumps are not enabled by default on client versions of Windows
#

---------------  S U M M A R Y ------------

Command Line: -Dfile.encoding=Cp1252 -Djava.net.preferIPv4Stack=true npuzzle.Search

Host: Intel(R) Core(TM) i5-7300HQ CPU @ 2.50GHz, 4 cores, 7G,  Windows 10 , 64 bit Build 18362 (10.0.18362.329)
Time: Tue Apr  7 14:01:02 2020 SE Asia Standard Time elapsed time: 1 seconds (0d 0h 0m 1s)

---------------  T H R E A D  ---------------

Current thread (0x0000022804bbc000):  JavaThread "Unknown thread" [_thread_in_vm, id=7284, stack(0x000000d028500000,0x000000d028600000)]

Stack: [0x000000d028500000,0x000000d028600000]
Native frames: (J=compiled Java code, j=interpreted, Vv=VM code, C=native code)
V  [jvm.dll+0x5f83ea]
V  [jvm.dll+0x741e2a]
V  [jvm.dll+0x7435df]
V  [jvm.dll+0x743c23]
V  [jvm.dll+0x20d268]
V  [jvm.dll+0x5f579a]
V  [jvm.dll+0x5ea5f5]
V  [jvm.dll+0x2c7e7c]
V  [jvm.dll+0x2c7cb2]
V  [jvm.dll+0x2cdb9c]
V  [jvm.dll+0x313fd8]
V  [jvm.dll+0x313700]
V  [jvm.dll+0x2a090a]
V  [jvm.dll+0x2a1a59]
V  [jvm.dll+0x71f6f8]
V  [jvm.dll+0x321c24]
V  [jvm.dll+0x700aec]
V  [jvm.dll+0x392ddf]
V  [jvm.dll+0x394e51]
C  [jli.dll+0x523b]
C  [ucrtbase.dll+0x20e72]
C  [KERNEL32.DLL+0x17bd4]
C  [ntdll.dll+0x6ced1]


---------------  P R O C E S S  ---------------

Threads class SMR info:
_java_thread_list=0x00007ffcb4774078, length=0, elements={
}

Java Threads: ( => current thread )

Other Threads:
  0x0000022804bfd000 GCTaskThread "GC Thread#0" [stack: 0x000000d028600000,0x000000d028700000] [id=11524]
  0x0000022804c10800 ConcurrentGCThread "G1 Main Marker" [stack: 0x000000d028700000,0x000000d028800000] [id=11084]
  0x0000022804c12000 ConcurrentGCThread "G1 Conc#0" [stack: 0x000000d028800000,0x000000d028900000] [id=11332]

[error occurred during error reporting (printing all threads), id 0xc0000005, EXCEPTION_ACCESS_VIOLATION (0xc0000005) at pc=0x00007ffcb3fa1237]

VM state:not at safepoint (not fully initialized)

VM Mutex/Monitor currently owned by a thread:  ([mutex/lock_event])
[0x0000022804bb8580] Heap_lock - owner thread: 0x0000022804bbc000

Heap address: 0x0000000081a00000, size: 2022 MB, Compressed Oops mode: 32-bit
Narrow klass base: 0x0000000000000000, Narrow klass shift: 0

GC Heap History (0 events):
No events

Deoptimization events (0 events):
No events

Classes unloaded (0 events):
No events

Classes redefined (0 events):
No events

Internal exceptions (0 events):
No events

Events (2 events):
Event: 1.563 Loaded shared library C:\Program Files\Java\jdk-14\bin\java.dll
Event: 1.677 Loaded shared library C:\Program Files\Java\jdk-14\bin\zip.dll


Dynamic libraries:
0x00007ff6f1970000 - 0x00007ff6f197f000 	C:\Program Files\Java\jdk-14\bin\javaw.exe
0x00007ffd04060000 - 0x00007ffd04250000 	C:\WINDOWS\SYSTEM32\ntdll.dll
0x00007ffd02110000 - 0x00007ffd021c2000 	C:\WINDOWS\System32\KERNEL32.DLL
0x00007ffd01e60000 - 0x00007ffd02103000 	C:\WINDOWS\System32\KERNELBASE.dll
0x00007ffd01ab0000 - 0x00007ffd01baa000 	C:\WINDOWS\System32\ucrtbase.dll
0x00007ffcede20000 - 0x00007ffcede35000 	C:\Program Files\Java\jdk-14\bin\VCRUNTIME140.dll
0x00007ffcede00000 - 0x00007ffcede18000 	C:\Program Files\Java\jdk-14\bin\jli.dll
0x00007ffd021d0000 - 0x00007ffd02273000 	C:\WINDOWS\System32\ADVAPI32.dll
0x00007ffd03e40000 - 0x00007ffd03ede000 	C:\WINDOWS\System32\msvcrt.dll
0x00007ffd03d60000 - 0x00007ffd03df7000 	C:\WINDOWS\System32\sechost.dll
0x00007ffd03080000 - 0x00007ffd031a0000 	C:\WINDOWS\System32\RPCRT4.dll
0x00007ffd03a80000 - 0x00007ffd03c14000 	C:\WINDOWS\System32\USER32.dll
0x00007ffd01970000 - 0x00007ffd01991000 	C:\WINDOWS\System32\win32u.dll
0x00007ffd03e00000 - 0x00007ffd03e26000 	C:\WINDOWS\System32\GDI32.dll
0x00007ffd01ca0000 - 0x00007ffd01e34000 	C:\WINDOWS\System32\gdi32full.dll
0x00007ffd01bb0000 - 0x00007ffd01c4e000 	C:\WINDOWS\System32\msvcp_win.dll
0x00007ffcf0720000 - 0x00007ffcf09a5000 	C:\WINDOWS\WinSxS\amd64_microsoft.windows.common-controls_6595b64144ccf1df_6.0.18362.720_none_e6beb5c51314836b\COMCTL32.dll
0x00007ffd03740000 - 0x00007ffd03a76000 	C:\WINDOWS\System32\combase.dll
0x00007ffd01a00000 - 0x00007ffd01a80000 	C:\WINDOWS\System32\bcryptPrimitives.dll
0x00007ffcf9690000 - 0x00007ffcf969a000 	C:\WINDOWS\SYSTEM32\VERSION.dll
0x00007ffd028f0000 - 0x00007ffd0291e000 	C:\WINDOWS\System32\IMM32.DLL
0x00007ffcedd60000 - 0x00007ffceddfb000 	C:\Program Files\Java\jdk-14\bin\msvcp140.dll
0x00007ffcb3cf0000 - 0x00007ffcb480f000 	C:\Program Files\Java\jdk-14\bin\server\jvm.dll
0x00007ffd02830000 - 0x00007ffd02838000 	C:\WINDOWS\System32\PSAPI.DLL
0x00007ffceb9f0000 - 0x00007ffceb9f9000 	C:\WINDOWS\SYSTEM32\WSOCK32.dll
0x00007ffd03ee0000 - 0x00007ffd03f4f000 	C:\WINDOWS\System32\WS2_32.dll
0x00007ffcfd610000 - 0x00007ffcfd634000 	C:\WINDOWS\SYSTEM32\WINMM.dll
0x00007ffcfd5e0000 - 0x00007ffcfd60d000 	C:\WINDOWS\SYSTEM32\WINMMBASE.dll
0x00007ffd01c50000 - 0x00007ffd01c9a000 	C:\WINDOWS\System32\cfgmgr32.dll
0x00007ffd00fa0000 - 0x00007ffd00fb1000 	C:\WINDOWS\System32\kernel.appcore.dll
0x00007ffcb7ab0000 - 0x00007ffcb7aba000 	C:\Program Files\Java\jdk-14\bin\jimage.dll
0x00007ffcea820000 - 0x00007ffceaa14000 	C:\WINDOWS\SYSTEM32\DBGHELP.DLL
0x00007ffce77d0000 - 0x00007ffce77fa000 	C:\WINDOWS\SYSTEM32\dbgcore.DLL
0x00007ffcb7a80000 - 0x00007ffcb7aa5000 	C:\Program Files\Java\jdk-14\bin\java.dll
0x00007ffcb7a60000 - 0x00007ffcb7a77000 	C:\Program Files\Java\jdk-14\bin\zip.dll

dbghelp: loaded successfully - version: 4.0.5 - missing functions: none
symbol engine: initialized successfully - sym options: 0x614 - pdb path: .;C:\Program Files\Java\jdk-14\bin;C:\WINDOWS\SYSTEM32;C:\WINDOWS\WinSxS\amd64_microsoft.windows.common-controls_6595b64144ccf1df_6.0.18362.720_none_e6beb5c51314836b;C:\Program Files\Java\jdk-14\bin\server

VM Arguments:
jvm_args: -Dfile.encoding=Cp1252 -Djava.net.preferIPv4Stack=true 
java_command: npuzzle.Search
java_class_path (initial): C:\Users\KiD\eclipse-workspace\npuzzle\bin
Launcher Type: SUN_STANDARD

[Global flags]
     intx CICompilerCount                          = 3                                         {product} {ergonomic}
     uint ConcGCThreads                            = 1                                         {product} {ergonomic}
     uint G1ConcRefinementThreads                  = 4                                         {product} {ergonomic}
   size_t G1HeapRegionSize                         = 1048576                                   {product} {ergonomic}
    uintx GCDrainStackTargetSize                   = 64                                        {product} {ergonomic}
   size_t InitialHeapSize                          = 134217728                                 {product} {ergonomic}
   size_t MarkStackSize                            = 4194304                                   {product} {ergonomic}
   size_t MaxHeapSize                              = 2120220672                                {product} {ergonomic}
   size_t MinHeapDeltaBytes                        = 1048576                                   {product} {ergonomic}
   size_t MinHeapSize                              = 8388608                                   {product} {ergonomic}
    uintx NonNMethodCodeHeapSize                   = 5832780                                {pd product} {ergonomic}
    uintx NonProfiledCodeHeapSize                  = 122912730                              {pd product} {ergonomic}
    uintx ProfiledCodeHeapSize                     = 122912730                              {pd product} {ergonomic}
    uintx ReservedCodeCacheSize                    = 251658240                              {pd product} {ergonomic}
     bool SegmentedCodeCache                       = true                                      {product} {ergonomic}
   size_t SoftMaxHeapSize                          = 2120220672                             {manageable} {ergonomic}
     bool UseCompressedClassPointers               = true                                 {lp64_product} {ergonomic}
     bool UseCompressedOops                        = true                                 {lp64_product} {ergonomic}
     bool UseG1GC                                  = true                                      {product} {ergonomic}
     bool UseLargePagesIndividualAllocation        = false                                  {pd product} {ergonomic}

Logging:
Log output configuration:
 #0: stdout all=warning uptime,level,tags
 #1: stderr all=off uptime,level,tags

Environment Variables:
JAVA_HOME=C:\Program Files\Java\jdk-14
_JAVA_OPTIONS=-Djava.net.preferIPv4Stack=true
PATH=C:/Program Files/Java/jdk-14/bin/server;C:/Program Files/Java/jdk-14/bin;C:\WINDOWS\system32;C:\WINDOWS;C:\WINDOWS\System32\Wbem;C:\WINDOWS\System32\WindowsPowerShell\v1.0\;C:\WINDOWS\System32\OpenSSH\;C:\Program Files\Microsoft SQL Server\130\Tools\Binn\;C:\Program Files\Microsoft SQL Server\Client SDK\ODBC\170\Tools\Binn\;C:\Program Files (x86)\Microsoft SQL Server\150\Tools\Binn\;C:\Program Files\Microsoft SQL Server\150\Tools\Binn\;C:\Program Files\Microsoft SQL Server\150\DTS\Binn\;C:\Program Files (x86)\Microsoft SQL Server\150\DTS\Binn\;C:\MinGW\bin;C:\Program Files\dotnet\;C:\Users\KiD\anaconda3;C:\Users\KiD\anaconda3\Library\mingw-w64\bin;C:\Users\KiD\anaconda3\Library\usr\bin;C:\Users\KiD\anaconda3\Library\bin;C:\Users\KiD\anaconda3\Scripts;C:\Users\KiD\AppData\Local\Microsoft\WindowsApps;C:\Program Files\JetBrains\PyCharm Community Edition 2019.3.2\bin;C:\Program Files\Java\jdk-14\bin;C:\Users\KiD\AppData\Local\Programs\Microsoft VS Code\bin;C:\Users\KiD\AppData\Local\GitHubDesktop\bin;C:\Users\KiD\Desktop;
USERNAME=KiD
OS=Windows_NT
PROCESSOR_IDENTIFIER=Intel64 Family 6 Model 158 Stepping 9, GenuineIntel



---------------  S Y S T E M  ---------------

OS: Windows 10 , 64 bit Build 18362 (10.0.18362.329)
OS uptime: 0 days 0:30 hours

CPU:total 4 (initial active 4) (4 cores per cpu, 1 threads per core) family 6 model 158 stepping 9, cmov, cx8, fxsr, mmx, sse, sse2, sse3, ssse3, sse4.1, sse4.2, popcnt, avx, avx2, aes, clmul, erms, 3dnowpref, lzcnt, tsc, tscinvbit, bmi1, bmi2, adx, fma

Memory: 4k page, system-wide physical 8084M (156M free)
TotalPageFile size 23198M (AvailPageFile size 8M)
current process WorkingSet (physical memory assigned to process): 10M, peak: 10M
current process commit charge ("private bytes"): 52M, peak: 179M

vm_info: Java HotSpot(TM) 64-Bit Server VM (14+36-1461) for windows-amd64 JRE (14+36-1461), built on Feb  6 2020 19:08:04 by "mach5one" with MS VC++ 15.9 (VS2017)

END.
